# JRE version: Java(TM) SE Runtime Environment (8.0_221-b11) (build 1.8.0_221-b11)
# Java VM: Java HotSpot(TM) 64-Bit Server VM (25.221-b11 mixed mode windows-amd64 compressed oops)
Heap:
 PSYoungGen      total 433152K, used 84313K [0x00000000d5d80000, 0x0000000100000000, 0x0000000100000000)
  eden space 425472K, 19% used [0x00000000d5d80000,0x00000000dafae648,0x00000000efd00000)
  from space 7680K, 2% used [0x00000000efd00000,0x00000000efd28000,0x00000000f0480000)
  to   space 7680K, 0% used [0x00000000ff880000,0x00000000ff880000,0x0000000100000000)
 ParOldGen       total 87552K, used 21573K [0x0000000081800000, 0x0000000086d80000, 0x00000000d5d80000)
  object space 87552K, 24% used [0x0000000081800000,0x0000000082d11630,0x0000000086d80000)
 Metaspace       used 17128K, capacity 17348K, committed 17664K, reserved 1064960K
  class space    used 2109K, capacity 2197K, committed 2304K, reserved 1048576K
GC Heap History (10 events):
Event: 18.590 GC heap before
{Heap before GC invocations=7 (full 0):
 PSYoungGen      total 138752K, used 138114K [0x00000000d5d80000, 0x00000000dea80000, 0x0000000100000000)
  eden space 133120K, 100% used [0x00000000d5d80000,0x00000000ddf80000,0x00000000ddf80000)
  from space 5632K, 88% used [0x00000000de500000,0x00000000de9e0b58,0x00000000dea80000)
  to   space 5632K, 0% used [0x00000000ddf80000,0x00000000ddf80000,0x00000000de500000)
 ParOldGen       total 87552K, used 16340K [0x0000000081800000, 0x0000000086d80000, 0x00000000d5d80000)
  object space 87552K, 18% used [0x0000000081800000,0x00000000827f5320,0x0000000086d80000)
 Metaspace       used 16920K, capacity 17156K, committed 17408K, reserved 1064960K
  class space    used 2103K, capacity 2197K, committed 2304K, reserved 1048576K
Event: 18.600 GC heap after
Heap after GC invocations=7 (full 0):
 PSYoungGen      total 138752K, used 384K [0x00000000d5d80000, 0x00000000e6e80000, 0x0000000100000000)
  eden space 133120K, 0% used [0x00000000d5d80000,0x00000000d5d80000,0x00000000ddf80000)
  from space 5632K, 6% used [0x00000000ddf80000,0x00000000ddfe0000,0x00000000de500000)
  to   space 6656K, 0% used [0x00000000e6800000,0x00000000e6800000,0x00000000e6e80000)
 ParOldGen       total 87552K, used 21269K [0x0000000081800000, 0x0000000086d80000, 0x00000000d5d80000)
  object space 87552K, 24% used [0x0000000081800000,0x0000000082cc5630,0x0000000086d80000)
 Metaspace       used 16920K, capacity 17156K, committed 17408K, reserved 1064960K
  class space    used 2103K, capacity 2197K, committed 2304K, reserved 1048576K
}
Event: 18.923 GC heap before
{Heap before GC invocations=8 (full 0):
 PSYoungGen      total 138752K, used 133504K [0x00000000d5d80000, 0x00000000e6e80000, 0x0000000100000000)
  eden space 133120K, 100% used [0x00000000d5d80000,0x00000000ddf80000,0x00000000ddf80000)
  from space 5632K, 6% used [0x00000000ddf80000,0x00000000ddfe0000,0x00000000de500000)
  to   space 6656K, 0% used [0x00000000e6800000,0x00000000e6800000,0x00000000e6e80000)
 ParOldGen       total 87552K, used 21269K [0x0000000081800000, 0x0000000086d80000, 0x00000000d5d80000)
  object space 87552K, 24% used [0x0000000081800000,0x0000000082cc5630,0x0000000086d80000)
 Metaspace       used 16935K, capacity 17156K, committed 17408K, reserved 1064960K
  class space    used 2103K, capacity 2197K, committed 2304K, reserved 1048576K
Event: 18.924 GC heap after
Heap after GC invocations=8 (full 0):
 PSYoungGen      total 272384K, used 352K [0x00000000d5d80000, 0x00000000e6f80000, 0x0000000100000000)
  eden space 265728K, 0% used [0x00000000d5d80000,0x00000000d5d80000,0x00000000e6100000)
  from space 6656K, 5% used [0x00000000e6800000,0x00000000e6858000,0x00000000e6e80000)
  to   space 7168K, 0% used [0x00000000e6100000,0x00000000e6100000,0x00000000e6800000)
 ParOldGen       total 87552K, used 21277K [0x0000000081800000, 0x0000000086d80000, 0x00000000d5d80000)
  object space 87552K, 24% used [0x0000000081800000,0x0000000082cc7630,0x0000000086d80000)
 Metaspace       used 16935K, capacity 17156K, committed 17408K, reserved 1064960K
  class space    used 2103K, capacity 2197K, committed 2304K, reserved 1048576K
}
Event: 27.927 GC heap before
{Heap before GC invocations=9 (full 0):
 PSYoungGen      total 272384K, used 266080K [0x00000000d5d80000, 0x00000000e6f80000, 0x0000000100000000)
  eden space 265728K, 100% used [0x00000000d5d80000,0x00000000e6100000,0x00000000e6100000)
  from space 6656K, 5% used [0x00000000e6800000,0x00000000e6858000,0x00000000e6e80000)
  to   space 7168K, 0% used [0x00000000e6100000,0x00000000e6100000,0x00000000e6800000)
 ParOldGen       total 87552K, used 21277K [0x0000000081800000, 0x0000000086d80000, 0x00000000d5d80000)
  object space 87552K, 24% used [0x0000000081800000,0x0000000082cc7630,0x0000000086d80000)
 Metaspace       used 17003K, capacity 17220K, committed 17664K, reserved 1064960K
  class space    used 2103K, capacity 2197K, committed 2304K, reserved 1048576K
Event: 27.930 GC heap after
Heap after GC invocations=9 (full 0):
 PSYoungGen      total 272896K, used 384K [0x00000000d5d80000, 0x00000000f0c00000, 0x0000000100000000)
  eden space 265728K, 0% used [0x00000000d5d80000,0x00000000d5d80000,0x00000000e6100000)
  from space 7168K, 5% used [0x00000000e6100000,0x00000000e6160000,0x00000000e6800000)
  to   space 7680K, 0% used [0x00000000f0480000,0x00000000f0480000,0x00000000f0c00000)
 ParOldGen       total 87552K, used 21285K [0x0000000081800000, 0x0000000086d80000, 0x00000000d5d80000)
  object space 87552K, 24% used [0x0000000081800000,0x0000000082cc9630,0x0000000086d80000)
 Metaspace       used 17003K, capacity 17220K, committed 17664K, reserved 1064960K
  class space    used 2103K, capacity 2197K, committed 2304K, reserved 1048576K
}
Event: 28.393 GC heap before
{Heap before GC invocations=10 (full 0):
 PSYoungGen      total 272896K, used 266112K [0x00000000d5d80000, 0x00000000f0c00000, 0x0000000100000000)
  eden space 265728K, 100% used [0x00000000d5d80000,0x00000000e6100000,0x00000000e6100000)
  from space 7168K, 5% used [0x00000000e6100000,0x00000000e6160000,0x00000000e6800000)
  to   space 7680K, 0% used [0x00000000f0480000,0x00000000f0480000,0x00000000f0c00000)
 ParOldGen       total 87552K, used 21285K [0x0000000081800000, 0x0000000086d80000, 0x00000000d5d80000)
  object space 87552K, 24% used [0x0000000081800000,0x0000000082cc9630,0x0000000086d80000)
 Metaspace       used 17003K, capacity 17220K, committed 17664K, reserved 1064960K
  class space    used 2103K, capacity 2197K, committed 2304K, reserved 1048576K
Event: 28.394 GC heap after
Heap after GC invocations=10 (full 0):
 PSYoungGen      total 433152K, used 160K [0x00000000d5d80000, 0x00000000f0c00000, 0x0000000100000000)
  eden space 425472K, 0% used [0x00000000d5d80000,0x00000000d5d80000,0x00000000efd00000)
  from space 7680K, 2% used [0x00000000f0480000,0x00000000f04a8000,0x00000000f0c00000)
  to   space 7680K, 0% used [0x00000000efd00000,0x00000000efd00000,0x00000000f0480000)
 ParOldGen       total 87552K, used 21541K [0x0000000081800000, 0x0000000086d80000, 0x00000000d5d80000)
  object space 87552K, 24% used [0x0000000081800000,0x0000000082d09630,0x0000000086d80000)
 Metaspace       used 17003K, capacity 17220K, committed 17664K, reserved 1064960K
  class space    used 2103K, capacity 2197K, committed 2304K, reserved 1048576K
}
Event: 44.706 GC heap before
{Heap before GC invocations=11 (full 0):
 PSYoungGen      total 433152K, used 425632K [0x00000000d5d80000, 0x00000000f0c00000, 0x0000000100000000)
  eden space 425472K, 100% used [0x00000000d5d80000,0x00000000efd00000,0x00000000efd00000)
  from space 7680K, 2% used [0x00000000f0480000,0x00000000f04a8000,0x00000000f0c00000)
  to   space 7680K, 0% used [0x00000000efd00000,0x00000000efd00000,0x00000000f0480000)
 ParOldGen       total 87552K, used 21541K [0x0000000081800000, 0x0000000086d80000, 0x00000000d5d80000)
  object space 87552K, 24% used [0x0000000081800000,0x0000000082d09630,0x0000000086d80000)
 Metaspace       used 17128K, capacity 17348K, committed 17664K, reserved 1064960K
  class space    used 2109K, capacity 2197K, committed 2304K, reserved 1048576K
Event: 44.709 GC heap after
Heap after GC invocations=11 (full 0):
 PSYoungGen      total 433152K, used 160K [0x00000000d5d80000, 0x0000000100000000, 0x0000000100000000)
  eden space 425472K, 0% used [0x00000000d5d80000,0x00000000d5d80000,0x00000000efd00000)
  from space 7680K, 2% used [0x00000000efd00000,0x00000000efd28000,0x00000000f0480000)
  to   space 7680K, 0% used [0x00000000ff880000,0x00000000ff880000,0x0000000100000000)
 ParOldGen       total 87552K, used 21573K [0x0000000081800000, 0x0000000086d80000, 0x00000000d5d80000)
  object space 87552K, 24% used [0x0000000081800000,0x0000000082d11630,0x0000000086d80000)
 Metaspace       used 17128K, capacity 17348K, committed 17664K, reserved 1064960K
  class space    used 2109K, capacity 2197K, committed 2304K, reserved 1048576K
}

